0 info it worked if it ends with ok
1 verbose cli [ 'C:\\nodejs\\\\node.exe',
1 verbose cli   'C:\\nodejs\\node_modules\\npm\\bin\\npm-cli.js',
1 verbose cli   'publish' ]
2 info using npm@2.11.3
3 info using node@v0.12.7
4 verbose publish [ '.' ]
5 silly cache add args [ '.', null ]
6 verbose cache add spec .
7 silly cache add parsed spec { raw: '.',
7 silly cache add   scope: null,
7 silly cache add   name: null,
7 silly cache add   rawSpec: '.',
7 silly cache add   spec: 'D:\\Technology\\NodeJS\\nodejs-mongodb-angularjs-web-development\\ch03\\censorify',
7 silly cache add   type: 'directory' }
8 verbose addLocalDirectory D:\Technology\NodeJS\NodeJS\npm-cache\censorify\0.1.1\package.tgz not in flight; packing
9 verbose tar pack [ 'D:\\Technology\\NodeJS\\NodeJS\\npm-cache\\censorify\\0.1.1\\package.tgz',
9 verbose tar pack   'D:\\Technology\\NodeJS\\nodejs-mongodb-angularjs-web-development\\ch03\\censorify' ]
10 verbose tarball D:\Technology\NodeJS\NodeJS\npm-cache\censorify\0.1.1\package.tgz
11 verbose folder D:\Technology\NodeJS\nodejs-mongodb-angularjs-web-development\ch03\censorify
12 info prepublish censorify@0.1.1
13 verbose addLocalTarball adding from inside cache D:\Technology\NodeJS\NodeJS\npm-cache\censorify\0.1.1\package.tgz
14 silly cache afterAdd censorify@0.1.1
15 verbose afterAdd D:\Technology\NodeJS\NodeJS\npm-cache\censorify\0.1.1\package\package.json not in flight; writing
16 verbose afterAdd D:\Technology\NodeJS\NodeJS\npm-cache\censorify\0.1.1\package\package.json written
17 silly publish { author: { name: 'Brad Dayley' },
17 silly publish   name: 'censorify',
17 silly publish   version: '0.1.1',
17 silly publish   description: 'Censors words out of text',
17 silly publish   main: 'censortext',
17 silly publish   repository:
17 silly publish    { type: 'git',
17 silly publish      url: 'http://github.com/bwdayley/nodebook/tree/master/ch03/censorify' },
17 silly publish   keywords: [ 'censor', 'words' ],
17 silly publish   dependencies: {},
17 silly publish   engines: { node: '*' },
17 silly publish   readme: 'ERROR: No README data found!',
17 silly publish   readmeFilename: 'README.md',
17 silly publish   _id: 'censorify@0.1.1',
17 silly publish   scripts: {},
17 silly publish   _shasum: 'df4c217bd45681d5e557e9e1811b8a5f032b3004',
17 silly publish   _from: '.' }
18 verbose getPublishConfig undefined
19 silly mapToRegistry name censorify
20 silly mapToRegistry using default registry
21 silly mapToRegistry registry https://registry.npmjs.org/
22 silly mapToRegistry uri https://registry.npmjs.org/censorify
23 verbose publish registryBase https://registry.npmjs.org/
24 silly publish uploading D:\Technology\NodeJS\NodeJS\npm-cache\censorify\0.1.1\package.tgz
25 verbose request uri https://registry.npmjs.org/censorify
26 verbose request sending authorization for write operation
27 info attempt registry request try #1 at 12:19:10
28 verbose request using bearer token for auth
29 verbose request id df32e3a8b03e36a2
30 http request PUT https://registry.npmjs.org/censorify
31 http 403 https://registry.npmjs.org/censorify
32 verbose headers { 'content-type': 'application/json',
32 verbose headers   'cache-control': 'max-age=300',
32 verbose headers   'content-length': '101',
32 verbose headers   'accept-ranges': 'bytes',
32 verbose headers   date: 'Sun, 31 Jan 2016 04:19:12 GMT',
32 verbose headers   via: '1.1 varnish',
32 verbose headers   connection: 'keep-alive',
32 verbose headers   'x-served-by': 'cache-itm7421-ITM',
32 verbose headers   'x-cache': 'MISS',
32 verbose headers   'x-cache-hits': '0',
32 verbose headers   'x-timer': 'S1454213951.589562,VS0,VE639' }
33 verbose request invalidating D:\Technology\NodeJS\NodeJS\npm-cache\registry.npmjs.org\censorify on PUT
34 error publish Failed PUT 403
35 verbose stack Error: You do not have permission to publish 'censorify'. Are you logged in as the correct user? : censorify
35 verbose stack     at CachingRegistryClient.<anonymous> (C:\nodejs\node_modules\npm\node_modules\npm-registry-client\lib\request.js:247:14)
35 verbose stack     at Request._callback (C:\nodejs\node_modules\npm\node_modules\npm-registry-client\lib\request.js:170:14)
35 verbose stack     at Request.self.callback (C:\nodejs\node_modules\npm\node_modules\request\request.js:354:22)
35 verbose stack     at Request.emit (events.js:110:17)
35 verbose stack     at Request.<anonymous> (C:\nodejs\node_modules\npm\node_modules\request\request.js:1207:14)
35 verbose stack     at Request.emit (events.js:129:20)
35 verbose stack     at IncomingMessage.<anonymous> (C:\nodejs\node_modules\npm\node_modules\request\request.js:1153:12)
35 verbose stack     at IncomingMessage.emit (events.js:129:20)
35 verbose stack     at _stream_readable.js:908:16
35 verbose stack     at process._tickCallback (node.js:355:11)
36 verbose statusCode 403
37 verbose pkgid censorify
38 verbose cwd D:\Technology\NodeJS\nodejs-mongodb-angularjs-web-development\ch03\censorify
39 error Windows_NT 6.1.7601
40 error argv "C:\\nodejs\\\\node.exe" "C:\\nodejs\\node_modules\\npm\\bin\\npm-cli.js" "publish"
41 error node v0.12.7
42 error npm  v2.11.3
43 error code E403
44 error You do not have permission to publish 'censorify'. Are you logged in as the correct user? : censorify
45 error If you need help, you may report this error at:
45 error     <https://github.com/npm/npm/issues>
46 verbose exit [ 1, true ]
